#
# A fatal error has been detected by the Java Runtime Environment:
#
#  SIGBUS (0xa) at pc=0x0000000108ba8af0, pid=83811, tid=0x0000000000000d03
#
# JRE version: Java(TM) SE Runtime Environment (8.0_251-b08) (build 1.8.0_251-b08)
# Java VM: Java HotSpot(TM) 64-Bit Server VM (25.251-b08 mixed mode bsd-amd64 compressed oops)
# Problematic frame:
# v  ~StubRoutines::jlong_disjoint_arraycopy
#
# Failed to write core dump. Core dumps have been disabled. To enable core dumping, try "ulimit -c unlimited" before starting Java again
#
# If you would like to submit a bug report, please visit:
#   http://bugreport.java.com/bugreport/crash.jsp
#

---------------  T H R E A D  ---------------

Current thread (0x00007fb1ca80a000):  JavaThread "main" [_thread_in_Java, id=3331, stack(0x00007000007c9000,0x00007000008c9000)]

siginfo: si_signo: 10 (SIGBUS), si_code: 2 (BUS_ADRERR), si_addr: 0x00000001089b51c0

Registers:
RAX=0x00000001089b5418, RBX=0x00000000000011c0, RCX=0x000000076d4868a8, RDX=0xffffffffffffffbd
RSP=0x00007000008c8100, RBP=0x00007000008c8100, RSI=0x000000076d486658, RDI=0x00000001089b5410
R8 =0x0000000000000000, R9 =0x0000000000003b7d, R10=0x0000000108ba90e0, R11=0x0000000000000000
R12=0x0000000000000000, R13=0x000000076d3e2a20, R14=0x0000000000000258, R15=0x00007fb1ca80a000
RIP=0x0000000108ba8af0, EFLAGS=0x0000000000010286, ERR=0x0000000000000004
  TRAPNO=0x000000000000000e

Top of Stack: (sp=0x00007000008c8100)
0x00007000008c8100:   0000000000000258 00000001090116fd
0x00007000008c8110:   0000000001daf476 000000000000ffff
0x00007000008c8120:   a200000000000000 0000000000004007
0x00007000008c8130:   0000000000000000 0000000000000000
0x00007000008c8140:   0000000000000000 0000000000000000
0x00007000008c8150:   4060000000000000 0000000000000000
0x00007000008c8160:   00007000008c81e8 0000000108b5dd45
0x00007000008c8170:   0000000108b5dd45 0000000000000258
0x00007000008c8180:   0000000000000000 000000076d486648
0x00007000008c8190:   00000000000011c0 1112131415161718
0x00007000008c81a0:   000000076d3e2918 00007000008c81a8
0x00007000008c81b0:   00000001210f09ea 00007000008c8220
0x00007000008c81c0:   00000001210f0bd8 0000000000000000
0x00007000008c81d0:   00000001210f0a38 00007000008c8178
0x00007000008c81e0:   00007000008c81f8 00007000008c8268
0x00007000008c81f0:   0000000108b5dd45 0000000000000258
0x00007000008c8200:   0000000000000000 000000076d486648
0x00007000008c8210:   00000000000011c0 0000000000000000
0x00007000008c8220:   000000076d486638 00007000008c8228
0x00007000008c8230:   0000000120fd7358 00007000008c82a0
0x00007000008c8240:   0000000120fd8f80 00000001211420e8
0x00007000008c8250:   0000000120fd73e8 00007000008c81f8
0x00007000008c8260:   00007000008c8288 00007000008c82e8
0x00007000008c8270:   0000000108b5dd00 0000000000000000
0x00007000008c8280:   0000000000000000 0000000000000258
0x00007000008c8290:   0000000000000000 000000076d486648
0x00007000008c82a0:   000000076d486618 00007000008c82a8
0x00007000008c82b0:   0000000120fd75ed 00007000008c8320
0x00007000008c82c0:   0000000120fd8f80 0000000121141e88
0x00007000008c82d0:   0000000120fd7668 00007000008c8288
0x00007000008c82e0:   00007000008c8330 00007000008c83d0
0x00007000008c82f0:   0000000108fac71c 0000000000000000 

Instructions: (pc=0x0000000108ba8af0)
0x0000000108ba8ad0:   da e9 32 00 00 00 48 8b 44 d7 08 48 89 44 d1 08
0x0000000108ba8ae0:   48 ff c2 75 f1 48 33 c0 c9 c3 66 0f 1f 44 00 00
0x0000000108ba8af0:   c5 fe 6f 44 d7 c8 c5 fe 7f 44 d1 c8 c5 fe 6f 4c
0x0000000108ba8b00:   d7 e8 c5 fe 7f 4c d1 e8 48 83 c2 08 7e e2 48 83 

Register to memory mapping:

RAX=0x00000001089b5418 is an unknown value
RBX=0x00000000000011c0 is an unknown value
RCX=0x000000076d4868a8 is an oop
